<?xml version="1.0" encoding="UTF-8"?>
<!-- Generated by org.testng.reporters.JUnitReportReporter -->
<testsuite skipped="0" hostname="CE-480" name="com.Omnient.qa.testcases.ContactPageTest" tests="2" failures="0" timestamp="03 Jul 2018 09:10:50 GMT" time="37.793" errors="0">
  <testcase name="ContactPageHeaderTest" time="20.753" classname="com.Omnient.qa.testcases.ContactPageTest"/>
  <testcase name="ContactPageCompanyLogoTest" time="17.040" classname="com.Omnient.qa.testcases.ContactPageTest"/>
</testsuite> <!-- com.Omnient.qa.testcases.ContactPageTest -->
